GET /api/login 500 45 14.128 ms
GET /api/login 500 45 2.616 ms
GET /api/login 500 45 1.774 ms
GET /api/login 200 45 12.633 ms
GET /api/login 304 - 17.593 ms
POST /api/login 200 142 17.259 ms
POST /api/login 200 142 2.625 ms
POST /api/login 200 49 1.998 ms
POST /api/login 200 142 2.479 ms
POST /api/login 200 45 2.059 ms
POST /api/login/register 200 24 412.546 ms
POST /api/login/register 200 94 500.658 ms
POST /api/login/register 200 94 434.776 ms
POST /api/login/register 200 54 164.071 ms
POST /api/login/register 200 53 190.032 ms
POST /api/login/register 200 53 128.595 ms
POST /api/login/register 200 53 195.145 ms
POST /api/login 200 142 4.047 ms
POST /api/login 200 166 11.018 ms
POST /api/login 200 166 27.755 ms
GET /api/homescreen/1 200 709 57.474 ms
GET /api/homescreen/1 200 709 146.553 ms
GET /api/homescreen/1 304 - 7.369 ms
GET /api/homescreen/1 304 - 7.598 ms
GET /api/homescreen/1 304 - 7.021 ms
GET /api/homescreen/1 304 - 7.604 ms
GET /api/homescreen/1 304 - 7.951 ms
GET /api/homescreen/1 304 - 4.869 ms
GET /api/homescreen/1 304 - 5.639 ms
GET /api/homescreen/1 304 - 5.754 ms
GET /api/homescreen/1 304 - 6.396 ms
GET /api/homescreen/1 304 - 4.563 ms
GET /api/homescreen/1 304 - 5.326 ms
GET /api/homescreen/1 304 - 7.054 ms
GET /api/homescreen/1 200 709 6.931 ms
GET /api/homescreen/1 304 - 6.595 ms
GET /favicon.ico 404 150 1.933 ms
GET /api/homescreen/1 304 - 4.607 ms
GET /api/homescreen/1 304 - 5.410 ms
GET /api/homescreen/1 304 - 6.091 ms
GET /api/homescreen/1 304 - 8.131 ms
GET /api/homescreen/1 304 - 11.063 ms
GET /api/homescreen/1 304 - 4.483 ms
GET /api/homescreen/1 304 - 5.994 ms
GET /api/homescreen/1 304 - 5.935 ms
GET /api/homescreen/1 304 - 7.723 ms
GET /api/homescreen/1 304 - 5.217 ms
GET /api/homescreen/1 304 - 5.703 ms
GET /api/homescreen/1 304 - 4.588 ms
GET /api/homescreen/1 304 - 5.230 ms
GET /api/homescreen/1 304 - 5.566 ms
GET /api/homescreen/1 304 - 7.205 ms
GET /api/homescreen/1 304 - 5.439 ms
GET /api/homescreen/1 304 - 5.904 ms
GET /api/homescreen/1 304 - 8.973 ms
GET /api/homescreen/1 304 - 5.884 ms
GET /api/homescreen/1 304 - 7.332 ms
GET /api/homescreen/1 304 - 4.893 ms
GET /api/homescreen/1 304 - 4.587 ms
GET /api/homescreen/1 304 - 5.701 ms
GET /api/homescreen/1 304 - 5.438 ms
GET /api/homescreen/1 304 - 6.524 ms
GET /api/homescreen/1 304 - 6.427 ms
GET /api/homescreen/1 304 - 8.589 ms
GET /api/homescreen/1 304 - 6.956 ms
GET /api/homescreen/1 304 - 10.210 ms
GET /api/homescreen/1 200 709 5.598 ms
GET /api/homescreen/1 200 709 5.017 ms
GET /api/homescreen/1 304 - 7.405 ms
GET /api/homescreen/1 304 - 6.917 ms
GET /api/homescreen/1 304 - 4.552 ms
GET /api/homescreen/1 304 - 4.419 ms
GET /api/homescreen/1 304 - 3.897 ms
GET /api/homescreen/1 304 - 3.888 ms
GET /api/homescreen/1 304 - 4.105 ms
GET /api/homescreen/1 304 - 5.678 ms
GET /api/homescreen/1 304 - 6.466 ms
GET /api/homescreen/1 304 - 4.281 ms
GET /api/homescreen/1 304 - 5.306 ms
GET /api/homescreen/1 304 - 3.811 ms
GET /api/homescreen/1 304 - 4.660 ms
GET /api/homescreen/1 304 - 5.856 ms
GET /api/homescreen/1 304 - 6.171 ms
GET /api/homescreen/1 304 - 4.650 ms
GET /api/homescreen/1 304 - 4.313 ms
GET /api/homescreen/1 304 - 5.057 ms
GET /api/homescreen/1 304 - 4.274 ms
GET /api/homescreen/1 304 - 5.547 ms
GET /api/homescreen/1 304 - 5.824 ms
GET /api/homescreen/1 304 - 5.248 ms
GET /api/homescreen/1 304 - 5.905 ms
GET /api/homescreen/1 304 - 4.892 ms
GET /api/homescreen/1 304 - 5.924 ms
GET /api/homescreen/1 304 - 4.454 ms
GET /api/homescreen/1 304 - 4.432 ms
GET /api/homescreen/1 304 - 4.917 ms
GET /api/homescreen/1 304 - 3.771 ms
GET /api/homescreen/1 304 - 4.132 ms
GET /api/homescreen/1 304 - 3.717 ms
GET /api/homescreen/1 304 - 5.606 ms
GET /api/homescreen/1 304 - 4.584 ms
GET /api/homescreen/1 304 - 4.957 ms
GET /api/homescreen/1 304 - 6.361 ms
GET /api/homescreen/1 304 - 6.423 ms
GET /api/homescreen/1 200 709 4.417 ms
GET /api/homescreen/1 200 709 6.358 ms
GET /api/homescreen/1 304 - 7.981 ms
GET /api/homescreen/1 304 - 6.215 ms
GET /api/homescreen/1 304 - 6.514 ms
GET /api/homescreen/1 304 - 4.470 ms
GET /api/homescreen/1 304 - 5.099 ms
GET /api/homescreen/1 304 - 4.226 ms
GET /api/homescreen/1 304 - 3.720 ms
GET /api/homescreen/1 304 - 3.781 ms
GET /api/homescreen/1 304 - 4.304 ms
GET /api/homescreen/1 304 - 4.846 ms
GET /api/homescreen/1 304 - 5.016 ms
GET /api/homescreen/1 304 - 6.760 ms
GET /api/homescreen/1 304 - 5.185 ms
GET /api/homescreen/1 304 - 5.192 ms
GET /api/homescreen/1 304 - 4.992 ms
GET /api/homescreen/1 200 843 3.583 ms
GET /api/homescreen/1 200 843 4.526 ms
GET /api/homescreen/1 304 - 4.624 ms
GET /api/homescreen/1 304 - 5.686 ms
